#
# There is insufficient memory for the Java Runtime Environment to continue.
# Native memory allocation (mmap) failed to map 201326592 bytes for G1 virtual space
# Possible reasons:
#   The system is out of physical RAM or swap space
#   The process is running with CompressedOops enabled, and the Java Heap may be blocking the growth of the native heap
# Possible solutions:
#   Reduce memory load on the system
#   Increase physical memory or swap space
#   Check if swap backing store is full
#   Decrease Java heap size (-Xmx/-Xms)
#   Decrease number of Java threads
#   Decrease Java thread stack sizes (-Xss)
#   Set larger code cache with -XX:ReservedCodeCacheSize=
#   JVM is running with Zero Based Compressed Oops mode in which the Java heap is
#     placed in the first 32GB address space. The Java Heap base address is the
#     maximum limit for the native heap growth. Please use -XX:HeapBaseMinAddress
#     to set the Java Heap base and to place the Java Heap above 32GB virtual address.
# This output file may be truncated or incomplete.
#
#  Out of Memory Error (os_windows.cpp:3532), pid=16248, tid=12672
#
# JRE version:  (17.0.2+8) (build )
# Java VM: OpenJDK 64-Bit Server VM (17.0.2+8-86, mixed mode, sharing, tiered, compressed oops, compressed class ptrs, g1 gc, windows-amd64)
# No core dump will be written. Minidumps are not enabled by default on client versions of Windows
#

---------------  S U M M A R Y ------------

Command Line: -javaagent:C:\Program Files\JetBrains\IntelliJ IDEA 2021.2.1\lib\idea_rt.jar=58772:C:\Program Files\JetBrains\IntelliJ IDEA 2021.2.1\bin -Dfile.encoding=UTF-8 sort.RadixSortKt

Host: Intel(R) Core(TM) i7-4700MQ CPU @ 2.40GHz, 8 cores, 11G,  Windows 10 , 64 bit Build 19041 (10.0.19041.1466)
Time: Wed Jan 26 12:16:08 2022 RTZ 2 (s 10 , 64 bit Build 19041 (10.0.19041.1466) elapsed time: 0.797990 seconds (0d 0h 0m 0s)

---------------  T H R E A D  ---------------

Current thread (0x0000023566a0de90):  JavaThread "Unknown thread" [_thread_in_vm, id=12672, stack(0x000000aeeee00000,0x000000aeeef00000)]

Stack: [0x000000aeeee00000,0x000000aeeef00000]
Native frames: (J=compiled Java code, j=interpreted, Vv=VM code, C=native code)
V  [jvm.dll+0x670baa]
V  [jvm.dll+0x7cfcb4]
V  [jvm.dll+0x7d145e]
V  [jvm.dll+0x7d1ac3]
V  [jvm.dll+0x242bc5]
V  [jvm.dll+0x66dac9]
V  [jvm.dll+0x662412]
V  [jvm.dll+0x300c0b]
V  [jvm.dll+0x3081a6]
V  [jvm.dll+0x357d0e]
V  [jvm.dll+0x357f3f]
V  [jvm.dll+0x2d7ec8]
V  [jvm.dll+0x2d8e34]
V  [jvm.dll+0x7a18c1]
V  [jvm.dll+0x365a91]
V  [jvm.dll+0x780d2c]
V  [jvm.dll+0x3e845f]
V  [jvm.dll+0x3e9f01]
C  [jli.dll+0x527b]
C  [ucrtbase.dll+0x21bb2]
C  [KERNEL32.DLL+0x17034]
C  [ntdll.dll+0x52651]


---------------  P R O C E S S  ---------------

Threads class SMR info:
_java_thread_list=0x00007ff92b469858, length=0, elements={
}

Java Threads: ( => current thread )

Other Threads:
  0x0000023566a50fb0 GCTaskThread "GC Thread#0" [stack: 0x000000aeeef00000,0x000000aeef000000] [id=16592]
  0x0000023566a5dc60 ConcurrentGCThread "G1 Main Marker" [stack: 0x000000aeef000000,0x000000aeef100000] [id=8896]
  0x0000023566a5fcc0 ConcurrentGCThread "G1 Conc#0" [stack: 0x000000aeef100000,0x000000aeef200000] [id=4568]

[error occurred during error reporting (printing all threads), id 0xc0000005, EXCEPTION_ACCESS_VIOLATION (0xc0000005) at pc=0x00007ff92acb88a7]

VM state: not at safepoint (not fully initialized)

VM Mutex/Monitor currently owned by a thread:  ([mutex/lock_event])
[0x0000023566a09c70] Heap_lock - owner thread: 0x0000023566a0de90

Heap address: 0x0000000741200000, size: 3054 MB, Compressed Oops mode: Zero based, Oop shift amount: 3

CDS archive(s) mapped at: [0x0000000000000000-0x0000000000000000-0x0000000000000000), size 0, SharedBaseAddress: 0x0000000800000000, ArchiveRelocationMode: 0.
Narrow klass base: 0x0000000000000000, Narrow klass shift: 0, Narrow klass range: 0x0

GC Precious Log:
<Empty>

Heap:
 garbage-first heap   total 0K, used 0K [0x0000000741200000, 0x0000000800000000)
  region size 2048K, 0 young (0K), 0 survivors (0K)

[error occurred during error reporting (printing heap information), id 0xc0000005, EXCEPTION_ACCESS_VIOLATION (0xc0000005) at pc=0x00007ff92b099f19]

GC Heap History (0 events):
No events

Deoptimization events (0 events):
No events

Classes unloaded (0 events):
No events

Classes redefined (0 events):
No events

Internal exceptions (0 events):
No events

VM Operations (0 events):
No events

Events (1 events):
Event: 0.008 Loaded shared library C:\Users\Администратор\.jdks\openjdk-17.0.2\bin\java.dll


Dynamic libraries:
0x00007ff616ee0000 - 0x00007ff616eee000 	C:\Users\Администратор\.jdks\openjdk-17.0.2\bin\java.exe
0x00007ff980550000 - 0x00007ff980745000 	C:\Windows\SYSTEM32\ntdll.dll
0x00007ff9803c0000 - 0x00007ff98047e000 	C:\Windows\System32\KERNEL32.DLL
0x00007ff97de10000 - 0x00007ff97e0d8000 	C:\Windows\System32\KERNELBASE.dll
0x00007ff97e490000 - 0x00007ff97e590000 	C:\Windows\System32\ucrtbase.dll
0x00007ff973100000 - 0x00007ff97311a000 	C:\Users\Администратор\.jdks\openjdk-17.0.2\bin\VCRUNTIME140.dll
0x00007ff97a910000 - 0x00007ff97a928000 	C:\Users\Администратор\.jdks\openjdk-17.0.2\bin\jli.dll
0x00007ff97f170000 - 0x00007ff97f311000 	C:\Windows\System32\USER32.dll
0x00007ff96bc60000 - 0x00007ff96befa000 	C:\Windows\WinSxS\amd64_microsoft.windows.common-controls_6595b64144ccf1df_6.0.19041.1110_none_60b5254171f9507e\COMCTL32.dll
0x00007ff97e380000 - 0x00007ff97e3a2000 	C:\Windows\System32\win32u.dll
0x00007ff980230000 - 0x00007ff9802ce000 	C:\Windows\System32\msvcrt.dll
0x00007ff980370000 - 0x00007ff98039b000 	C:\Windows\System32\GDI32.dll
0x00007ff97dd00000 - 0x00007ff97de0d000 	C:\Windows\System32\gdi32full.dll
0x00007ff97dc60000 - 0x00007ff97dcfd000 	C:\Windows\System32\msvcp_win.dll
0x00007ff97fa70000 - 0x00007ff97faa0000 	C:\Windows\System32\IMM32.DLL
0x00007ff97a900000 - 0x00007ff97a90c000 	C:\Users\Администратор\.jdks\openjdk-17.0.2\bin\vcruntime140_1.dll
0x00007ff96de70000 - 0x00007ff96defd000 	C:\Users\Администратор\.jdks\openjdk-17.0.2\bin\msvcp140.dll
0x00007ff92a9d0000 - 0x00007ff92b591000 	C:\Users\Администратор\.jdks\openjdk-17.0.2\bin\server\jvm.dll
0x00007ff97ebb0000 - 0x00007ff97ec5e000 	C:\Windows\System32\ADVAPI32.dll
0x00007ff9802d0000 - 0x00007ff98036c000 	C:\Windows\System32\sechost.dll
0x00007ff97e9e0000 - 0x00007ff97eb05000 	C:\Windows\System32\RPCRT4.dll
0x00007ff97eb10000 - 0x00007ff97eb18000 	C:\Windows\System32\PSAPI.DLL
0x00007ff96ee80000 - 0x00007ff96eea7000 	C:\Windows\SYSTEM32\WINMM.dll
0x00007ff977e40000 - 0x00007ff977e4a000 	C:\Windows\SYSTEM32\VERSION.dll
0x00007ff9695a0000 - 0x00007ff9695a9000 	C:\Windows\SYSTEM32\WSOCK32.dll
0x00007ff97ff80000 - 0x00007ff97ffeb000 	C:\Windows\System32\WS2_32.dll
0x00007ff97bb10000 - 0x00007ff97bb22000 	C:\Windows\SYSTEM32\kernel.appcore.dll
0x00007ff977be0000 - 0x00007ff977bea000 	C:\Users\Администратор\.jdks\openjdk-17.0.2\bin\jimage.dll
0x00007ff96a590000 - 0x00007ff96a774000 	C:\Windows\SYSTEM32\DBGHELP.DLL
0x00007ff96a400000 - 0x00007ff96a42c000 	C:\Windows\SYSTEM32\dbgcore.DLL
0x00007ff97e2f0000 - 0x00007ff97e372000 	C:\Windows\System32\bcryptPrimitives.dll
0x00007ff971b20000 - 0x00007ff971b2e000 	C:\Users\Администратор\.jdks\openjdk-17.0.2\bin\instrument.dll
0x00007ff971bf0000 - 0x00007ff971c15000 	C:\Users\Администратор\.jdks\openjdk-17.0.2\bin\java.dll

dbghelp: loaded successfully - version: 4.0.5 - missing functions: none
symbol engine: initialized successfully - sym options: 0x614 - pdb path: .;C:\Users\Администратор\.jdks\openjdk-17.0.2\bin;C:\Windows\SYSTEM32;C:\Windows\WinSxS\amd64_microsoft.windows.common-controls_6595b64144ccf1df_6.0.19041.1110_none_60b5254171f9507e;C:\Users\Администратор\.jdks\openjdk-17.0.2\bin\server

VM Arguments:
jvm_args: -javaagent:C:\Program Files\JetBrains\IntelliJ IDEA 2021.2.1\lib\idea_rt.jar=58772:C:\Program Files\JetBrains\IntelliJ IDEA 2021.2.1\bin -Dfile.encoding=UTF-8 
java_command: sort.RadixSortKt
java_class_path (initial): E:\Documents\Programming\Лабы по Kotlin\out\production\Kotlin;C:\Program Files\JetBrains\IntelliJ IDEA 2021.2.1\plugins\Kotlin\kotlinc\lib\kotlin-stdlib.jar;C:\Program Files\JetBrains\IntelliJ IDEA 2021.2.1\plugins\Kotlin\kotlinc\lib\kotlin-reflect.jar;C:\Program Files\JetBrains\IntelliJ IDEA 2021.2.1\plugins\Kotlin\kotlinc\lib\kotlin-test.jar
Launcher Type: SUN_STANDARD

[Global flags]
     intx CICompilerCount                          = 4                                         {product} {ergonomic}
     uint ConcGCThreads                            = 2                                         {product} {ergonomic}
     uint G1ConcRefinementThreads                  = 8                                         {product} {ergonomic}
   size_t G1HeapRegionSize                         = 2097152                                   {product} {ergonomic}
    uintx GCDrainStackTargetSize                   = 64                                        {product} {ergonomic}
   size_t InitialHeapSize                          = 201326592                                 {product} {ergonomic}
   size_t MarkStackSize                            = 4194304                                   {product} {ergonomic}
   size_t MaxHeapSize                              = 3202351104                                {product} {ergonomic}
   size_t MinHeapDeltaBytes                        = 2097152                                   {product} {ergonomic}
   size_t MinHeapSize                              = 8388608                                   {product} {ergonomic}
    uintx NonNMethodCodeHeapSize                   = 5839372                                {pd product} {ergonomic}
    uintx NonProfiledCodeHeapSize                  = 122909434                              {pd product} {ergonomic}
    uintx ProfiledCodeHeapSize                     = 122909434                              {pd product} {ergonomic}
    uintx ReservedCodeCacheSize                    = 251658240                              {pd product} {ergonomic}
     bool SegmentedCodeCache                       = true                                      {product} {ergonomic}
   size_t SoftMaxHeapSize                          = 3202351104                             {manageable} {ergonomic}
     bool UseCompressedClassPointers               = true                           {product lp64_product} {ergonomic}
     bool UseCompressedOops                        = true                           {product lp64_product} {ergonomic}
     bool UseG1GC                                  = true                                      {product} {ergonomic}
     bool UseLargePagesIndividualAllocation        = false                                  {pd product} {ergonomic}

Logging:
Log output configuration:
 #0: stdout all=warning uptime,level,tags
 #1: stderr all=off uptime,level,tags

Environment Variables:
JAVA_HOME=C:\Program Files\Java\jre1.8.0_311
PATH=C:\Program Files\Eclipse Foundation\jdk-8.0.302.8-hotspot\bin;C:\ProgramData\Oracle\Java\javapath;C:\Program Files (x86)\Common Files\Intel\Shared Libraries\redist\intel64\compiler;C:\Program Files\Common Files\Oracle\Java\javapath;C:\Program Files (x86)\Common Files\Oracle\Java\javapath;C:\Windows\system32;C:\Windows;C:\Windows\System32\Wbem;C:\Windows\System32\WindowsPowerShell\v1.0\;C:\Windows\System32\OpenSSH\;C:\Program Files (x86)\NVIDIA Corporation\PhysX\Common;C:\Program Files\NVIDIA Corporation\NVIDIA NvDLISR;C:\Program Files\Microsoft SQL Server\Client SDK\ODBC\170\Tools\Binn\;C:\Program Files\dotnet\;C:\Program Files\Microsoft SQL Server\130\Tools\Binn\;C:\Program Files\Polyspace\R2020b\runtime\win64;C:\Program Files\Polyspace\R2020b\bin;C:\Program Files\Polyspace\R2020b\polyspace\bin;E:\Program Files (x86)\IncrediBuild;C:\Program Files\nodejs\;C:\Program Files\Git\cmd;C:\Program Files\Git\mingw64\bin;C:\Program Files\Git\usr\bin;C:\Program Files (x86)\Wolfram Research\WolframScript\;C:\Gradle\gradle-7.3.2\bin;;C:\Program Files\Docker\Docker\resources\bin;C:\ProgramData\DockerDesktop\version-bin;C:\Users\Администратор\AppData\Local\Programs\Python\Python38-32\Scripts\;C:\Users\Администратор\AppData\Local\Programs\Python\Python38-32\;C:\Users\Администратор\AppData\Local\Programs\Python\Python310\Scripts\;C:\Users\Администратор\AppData\Local\Programs\Python\Python310\;C:\Program Files (x86)\Python 3.8.5\Scripts\;C:\Program Files (x86)\Python 3.8.5\;C:\Users\Администратор\AppData\Local\Microsoft\WindowsApps;;%PyCharm Community Edition%;C:\Users\Администратор\.dotnet\tools;%PyCharm%;C:\Program Files\JetBrains\IntelliJ IDEA 2021.2.1\bin;;C:\Users\Администратор\AppData\Roaming\npm;C:\Users\Администратор\AppData\Local\Programs\Microsoft VS Code\bin
USERNAME=Daniel
OS=Windows_NT
PROCESSOR_IDENTIFIER=Intel64 Family 6 Model 60 Stepping 3, GenuineIntel



---------------  S Y S T E M  ---------------

OS:
 Windows 10 , 64 bit Build 19041 (10.0.19041.1466)
OS uptime: 1 days 0:32 hours
Hyper-V role detected

CPU: total 8 (initial active 8) (4 cores per cpu, 2 threads per core) family 6 model 60 stepping 3 microcode 0x27, cx8, cmov, fxsr, ht, mmx, sse, sse2, sse3, ssse3, sse4.1, sse4.2, popcnt, lzcnt, tsc, tscinvbit, avx, avx2, aes, erms, clmul, bmi1, bmi2, fma, vzeroupper, clflush, hv

Memory: 4k page, system-wide physical 12208M (1887M free)
TotalPageFile size 15280M (AvailPageFile size 88M)
current process WorkingSet (physical memory assigned to process): 10M, peak: 10M
current process commit charge ("private bytes"): 60M, peak: 251M

vm_info: OpenJDK 64-Bit Server VM (17.0.2+8-86) for windows-amd64 JRE (17.0.2+8-86), built on Dec  7 2021 21:49:10 by "mach5one" with MS VC++ 16.8 / 16.9 (VS2019)

END.
